<?xml version="1.0" encoding="UTF-8"?>
<!-- Generated by org.testng.reporters.JUnitXMLReporter -->
<testsuite ignored="0" hostname="DESKTOP-5903S8A" failures="5" tests="20" name="BangkinApp Test" time="704.035" errors="0" timestamp="2023-09-10T18:13:58 BDT">
  <testcase classname="com.inetbanking.testCases.TC_TestLogin_001" name="TestLogin" time="4.587"/>
  <testcase classname="com.inetbanking.testCases.TC_LoginDDT_002" name="LoginDDT" time="9.923">
    <failure type="java.lang.AssertionError" message="expected [true] but found [false]">
      <![CDATA[java.lang.AssertionError: expected [true] but found [false]
at com.inetbanking.testCases.TC_LoginDDT_002.LoginDDT(TC_LoginDDT_002.java:31)
at java.base/java.util.ArrayList.forEach(ArrayList.java:1511)
... Removed 31 stack frames]]>
    </failure>
  </testcase> <!-- LoginDDT -->
  <testcase classname="com.inetbanking.testCases.TC_LoginDDT_002" name="LoginDDT" time="9.041">
    <failure type="java.lang.AssertionError" message="expected [true] but found [false]">
      <![CDATA[java.lang.AssertionError: expected [true] but found [false]
at com.inetbanking.testCases.TC_LoginDDT_002.LoginDDT(TC_LoginDDT_002.java:31)
at java.base/java.util.ArrayList.forEach(ArrayList.java:1511)
... Removed 31 stack frames]]>
    </failure>
  </testcase> <!-- LoginDDT -->
  <testcase classname="com.inetbanking.testCases.TC_LoginDDT_002" name="LoginDDT" time="7.417">
    <failure type="java.lang.AssertionError" message="expected [true] but found [false]">
      <![CDATA[java.lang.AssertionError: expected [true] but found [false]
at com.inetbanking.testCases.TC_LoginDDT_002.LoginDDT(TC_LoginDDT_002.java:31)
at java.base/java.util.ArrayList.forEach(ArrayList.java:1511)
... Removed 31 stack frames]]>
    </failure>
  </testcase> <!-- LoginDDT -->
  <testcase classname="com.inetbanking.testCases.TC_LoginDDT_002" name="LoginDDT" time="5.584">
    <failure type="java.lang.AssertionError" message="expected [true] but found [false]">
      <![CDATA[java.lang.AssertionError: expected [true] but found [false]
at com.inetbanking.testCases.TC_LoginDDT_002.LoginDDT(TC_LoginDDT_002.java:31)
at java.base/java.util.ArrayList.forEach(ArrayList.java:1511)
... Removed 31 stack frames]]>
    </failure>
  </testcase> <!-- LoginDDT -->
  <testcase classname="com.inetbanking.testCases.TC_LoginDDT_002" name="LoginDDT" time="7.563">
    <failure type="java.lang.AssertionError" message="expected [true] but found [false]">
      <![CDATA[java.lang.AssertionError: expected [true] but found [false]
at com.inetbanking.testCases.TC_LoginDDT_002.LoginDDT(TC_LoginDDT_002.java:31)
at java.base/java.util.ArrayList.forEach(ArrayList.java:1511)
... Removed 31 stack frames]]>
    </failure>
  </testcase> <!-- LoginDDT -->
  <testcase classname="com.inetbanking.testCases.TC_AddCustomerTest_003" name="addNewCustomer" time="33.673"/>
  <testcase classname="com.inetbanking.testCases.Tc_EditCustomerTest_004" name="editCustomer" time="23.684"/>
  <testcase classname="com.inetbanking.testCases.TC_DeleteCustomerTest_005" name="deleteCustomer" time="25.326"/>
  <testcase classname="com.inetbanking.testCases.TC_NewAccountTest_006" name="newAccount" time="25.13"/>
  <testcase classname="com.inetbanking.testCases.TC_EditAccountTest_007" name="editAcount" time="37.001"/>
  <testcase classname="com.inetbanking.testCases.TC_DeleteAccountTest_008" name="deleteAcount" time="23.213"/>
  <testcase classname="com.inetbanking.testCases.TC_DepositTest_009" name="deposit" time="35.092"/>
  <testcase classname="com.inetbanking.testCases.TC_WithdrawTest_010" name="withdraw" time="26.988"/>
  <testcase classname="com.inetbanking.testCases.TC_FundTransferTest_011" name="fundTransfer" time="34.574"/>
  <testcase classname="com.inetbanking.testCases.TC_BalanceEnquiryTest_012" name="balanceEnquiry" time="27.362"/>
  <testcase classname="com.inetbanking.testCases.TC_MiniStatementTest_013" name="miniStateMent" time="28.038"/>
  <testcase classname="com.inetbanking.testCases.TC_CustomizedStatementTest_014" name="customStatement" time="42.902"/>
  <testcase classname="com.inetbanking.testCases.TC_LogoutTest_015" name="logout" time="30.316"/>
  <testcase classname="com.inetbanking.testCases.TC_ChangePasswordTest_016" name="chnagePassword" time="29.424"/>
</testsuite> <!-- BangkinApp Test -->
