<?xml version="1.0" encoding="UTF-8"?>
<testng-results ignored="0" total="1" passed="1" failed="0" skipped="0">
  <reporter-output>
  </reporter-output>
  <suite started-at="2023-08-15T15:30:47 BDT" name="InetBankingV1" finished-at="2023-08-15T15:31:13 BDT" duration-ms="25906">
    <groups>
    </groups>
    <test started-at="2023-08-15T15:30:47 BDT" name="BangkinApp Test" finished-at="2023-08-15T15:31:13 BDT" duration-ms="25906">
      <class name="com.inetbanking.testCases.TC_TestLogin_001">
        <test-method is-config="true" signature="setUp(java.lang.String)[pri:0, instance:com.inetbanking.testCases.TC_TestLogin_001@363ee3a2]" started-at="2023-08-15T15:30:47 BDT" name="setUp" finished-at="2023-08-15T15:31:02 BDT" duration-ms="14355" status="PASS">
          <params>
            <param index="0">
              <value>
                <![CDATA[chrome]]>
              </value>
            </param>
          </params>
          <reporter-output>
          </reporter-output>
        </test-method> <!-- setUp -->
        <test-method signature="TestLogin()[pri:0, instance:com.inetbanking.testCases.TC_TestLogin_001@363ee3a2]" started-at="2023-08-15T15:31:02 BDT" name="TestLogin" finished-at="2023-08-15T15:31:13 BDT" duration-ms="11209" status="PASS">
          <reporter-output>
          </reporter-output>
        </test-method> <!-- TestLogin -->
        <test-method is-config="true" signature="tearDown()[pri:0, instance:com.inetbanking.testCases.TC_TestLogin_001@363ee3a2]" started-at="2023-08-15T15:31:13 BDT" name="tearDown" finished-at="2023-08-15T15:31:13 BDT" duration-ms="120" status="PASS">
          <reporter-output>
          </reporter-output>
        </test-method> <!-- tearDown -->
      </class> <!-- com.inetbanking.testCases.TC_TestLogin_001 -->
    </test> <!-- BangkinApp Test -->
  </suite> <!-- InetBankingV1 -->
</testng-results>
