<?xml version="1.0" encoding="UTF-8"?>
<testng-results ignored="0" total="20" passed="15" failed="5" skipped="0">
  <reporter-output>
  </reporter-output>
  <suite started-at="2023-09-10T18:02:13 BDT" name="InetBankingV1" finished-at="2023-09-10T18:13:57 BDT" duration-ms="704035">
    <groups>
    </groups>
    <test started-at="2023-09-10T18:02:13 BDT" name="BangkinApp Test" finished-at="2023-09-10T18:13:57 BDT" duration-ms="704035">
      <class name="com.inetbanking.testCases.TC_DeleteAccountTest_008">
        <test-method is-config="true" signature="setUp(java.lang.String)[pri:0, instance:com.inetbanking.testCases.TC_DeleteAccountTest_008@7817fd62]" started-at="2023-09-10T18:07:15 BDT" name="setUp" finished-at="2023-09-10T18:07:27 BDT" duration-ms="12010" status="PASS">
          <params>
            <param index="0">
              <value>
                <![CDATA[chrome]]>
              </value>
            </param>
          </params>
          <reporter-output>
          </reporter-output>
        </test-method> <!-- setUp -->
        <test-method signature="deleteAcount()[pri:0, instance:com.inetbanking.testCases.TC_DeleteAccountTest_008@7817fd62]" started-at="2023-09-10T18:07:27 BDT" name="deleteAcount" finished-at="2023-09-10T18:07:50 BDT" duration-ms="23213" status="PASS">
          <reporter-output>
          </reporter-output>
        </test-method> <!-- deleteAcount -->
        <test-method is-config="true" signature="tearDown()[pri:0, instance:com.inetbanking.testCases.TC_DeleteAccountTest_008@7817fd62]" started-at="2023-09-10T18:07:50 BDT" name="tearDown" finished-at="2023-09-10T18:07:50 BDT" duration-ms="307" status="PASS">
          <reporter-output>
          </reporter-output>
        </test-method> <!-- tearDown -->
      </class> <!-- com.inetbanking.testCases.TC_DeleteAccountTest_008 -->
      <class name="com.inetbanking.testCases.TC_LoginDDT_002">
        <test-method is-config="true" signature="setUp(java.lang.String)[pri:0, instance:com.inetbanking.testCases.TC_LoginDDT_002@710f4dc7]" started-at="2023-09-10T18:02:36 BDT" name="setUp" finished-at="2023-09-10T18:02:52 BDT" duration-ms="15705" status="PASS">
          <params>
            <param index="0">
              <value>
                <![CDATA[chrome]]>
              </value>
            </param>
          </params>
          <reporter-output>
          </reporter-output>
        </test-method> <!-- setUp -->
        <test-method signature="LoginDDT(java.lang.String,java.lang.String)[pri:0, instance:com.inetbanking.testCases.TC_LoginDDT_002@710f4dc7]" started-at="2023-09-10T18:02:54 BDT" name="LoginDDT" data-provider="LoginData" finished-at="2023-09-10T18:03:04 BDT" duration-ms="9923" status="FAIL">
          <params>
            <param index="0">
              <value>
                <![CDATA[mngr514804]]>
              </value>
            </param>
            <param index="1">
              <value>
                <![CDATA[gEnYpaj]]>
              </value>
            </param>
          </params>
          <exception class="java.lang.AssertionError">
            <message>
              <![CDATA[expected [true] but found [false]]]>
            </message>
            <full-stacktrace>
              <![CDATA[java.lang.AssertionError: expected [true] but found [false]
at org.testng.Assert.fail(Assert.java:111)
at org.testng.Assert.failNotEquals(Assert.java:1578)
at org.testng.Assert.assertTrue(Assert.java:57)
at org.testng.Assert.assertTrue(Assert.java:67)
at com.inetbanking.testCases.TC_LoginDDT_002.LoginDDT(TC_LoginDDT_002.java:31)
at java.base/jdk.internal.reflect.NativeMethodAccessorImpl.invoke0(Native Method)
at java.base/jdk.internal.reflect.NativeMethodAccessorImpl.invoke(NativeMethodAccessorImpl.java:77)
at java.base/jdk.internal.reflect.DelegatingMethodAccessorImpl.invoke(DelegatingMethodAccessorImpl.java:43)
at java.base/java.lang.reflect.Method.invoke(Method.java:568)
at org.testng.internal.invokers.MethodInvocationHelper.invokeMethod(MethodInvocationHelper.java:139)
at org.testng.internal.invokers.TestInvoker.invokeMethod(TestInvoker.java:664)
at org.testng.internal.invokers.TestInvoker.invokeTestMethod(TestInvoker.java:227)
at org.testng.internal.invokers.MethodRunner.runInSequence(MethodRunner.java:50)
at org.testng.internal.invokers.TestInvoker$MethodInvocationAgent.invoke(TestInvoker.java:957)
at org.testng.internal.invokers.TestInvoker.invokeTestMethods(TestInvoker.java:200)
at org.testng.internal.invokers.TestMethodWorker.invokeTestMethods(TestMethodWorker.java:148)
at org.testng.internal.invokers.TestMethodWorker.run(TestMethodWorker.java:128)
at java.base/java.util.ArrayList.forEach(ArrayList.java:1511)
at org.testng.TestRunner.privateRun(TestRunner.java:848)
at org.testng.TestRunner.run(TestRunner.java:621)
at org.testng.SuiteRunner.runTest(SuiteRunner.java:443)
at org.testng.SuiteRunner.runSequentially(SuiteRunner.java:437)
at org.testng.SuiteRunner.privateRun(SuiteRunner.java:397)
at org.testng.SuiteRunner.run(SuiteRunner.java:336)
at org.testng.SuiteRunnerWorker.runSuite(SuiteRunnerWorker.java:52)
at org.testng.SuiteRunnerWorker.run(SuiteRunnerWorker.java:95)
at org.testng.TestNG.runSuitesSequentially(TestNG.java:1280)
at org.testng.TestNG.runSuitesLocally(TestNG.java:1200)
at org.testng.TestNG.runSuites(TestNG.java:1114)
at org.testng.TestNG.run(TestNG.java:1082)
at org.testng.remote.AbstractRemoteTestNG.run(AbstractRemoteTestNG.java:115)
at org.testng.remote.RemoteTestNG.initAndRun(RemoteTestNG.java:251)
at org.testng.remote.RemoteTestNG.main(RemoteTestNG.java:77)
]]>
            </full-stacktrace>
          </exception> <!-- java.lang.AssertionError -->
          <reporter-output>
          </reporter-output>
        </test-method> <!-- LoginDDT -->
        <test-method signature="LoginDDT(java.lang.String,java.lang.String)[pri:0, instance:com.inetbanking.testCases.TC_LoginDDT_002@710f4dc7]" started-at="2023-09-10T18:03:04 BDT" name="LoginDDT" data-provider="LoginData" finished-at="2023-09-10T18:03:13 BDT" duration-ms="9041" status="FAIL">
          <params>
            <param index="0">
              <value>
                <![CDATA[mngr51480417]]>
              </value>
            </param>
            <param index="1">
              <value>
                <![CDATA[zUgUpAm7U]]>
              </value>
            </param>
          </params>
          <exception class="java.lang.AssertionError">
            <message>
              <![CDATA[expected [true] but found [false]]]>
            </message>
            <full-stacktrace>
              <![CDATA[java.lang.AssertionError: expected [true] but found [false]
at org.testng.Assert.fail(Assert.java:111)
at org.testng.Assert.failNotEquals(Assert.java:1578)
at org.testng.Assert.assertTrue(Assert.java:57)
at org.testng.Assert.assertTrue(Assert.java:67)
at com.inetbanking.testCases.TC_LoginDDT_002.LoginDDT(TC_LoginDDT_002.java:31)
at java.base/jdk.internal.reflect.NativeMethodAccessorImpl.invoke0(Native Method)
at java.base/jdk.internal.reflect.NativeMethodAccessorImpl.invoke(NativeMethodAccessorImpl.java:77)
at java.base/jdk.internal.reflect.DelegatingMethodAccessorImpl.invoke(DelegatingMethodAccessorImpl.java:43)
at java.base/java.lang.reflect.Method.invoke(Method.java:568)
at org.testng.internal.invokers.MethodInvocationHelper.invokeMethod(MethodInvocationHelper.java:139)
at org.testng.internal.invokers.TestInvoker.invokeMethod(TestInvoker.java:664)
at org.testng.internal.invokers.TestInvoker.invokeTestMethod(TestInvoker.java:227)
at org.testng.internal.invokers.MethodRunner.runInSequence(MethodRunner.java:50)
at org.testng.internal.invokers.TestInvoker$MethodInvocationAgent.invoke(TestInvoker.java:957)
at org.testng.internal.invokers.TestInvoker.invokeTestMethods(TestInvoker.java:200)
at org.testng.internal.invokers.TestMethodWorker.invokeTestMethods(TestMethodWorker.java:148)
at org.testng.internal.invokers.TestMethodWorker.run(TestMethodWorker.java:128)
at java.base/java.util.ArrayList.forEach(ArrayList.java:1511)
at org.testng.TestRunner.privateRun(TestRunner.java:848)
at org.testng.TestRunner.run(TestRunner.java:621)
at org.testng.SuiteRunner.runTest(SuiteRunner.java:443)
at org.testng.SuiteRunner.runSequentially(SuiteRunner.java:437)
at org.testng.SuiteRunner.privateRun(SuiteRunner.java:397)
at org.testng.SuiteRunner.run(SuiteRunner.java:336)
at org.testng.SuiteRunnerWorker.runSuite(SuiteRunnerWorker.java:52)
at org.testng.SuiteRunnerWorker.run(SuiteRunnerWorker.java:95)
at org.testng.TestNG.runSuitesSequentially(TestNG.java:1280)
at org.testng.TestNG.runSuitesLocally(TestNG.java:1200)
at org.testng.TestNG.runSuites(TestNG.java:1114)
at org.testng.TestNG.run(TestNG.java:1082)
at org.testng.remote.AbstractRemoteTestNG.run(AbstractRemoteTestNG.java:115)
at org.testng.remote.RemoteTestNG.initAndRun(RemoteTestNG.java:251)
at org.testng.remote.RemoteTestNG.main(RemoteTestNG.java:77)
]]>
            </full-stacktrace>
          </exception> <!-- java.lang.AssertionError -->
          <reporter-output>
          </reporter-output>
        </test-method> <!-- LoginDDT -->
        <test-method signature="LoginDDT(java.lang.String,java.lang.String)[pri:0, instance:com.inetbanking.testCases.TC_LoginDDT_002@710f4dc7]" started-at="2023-09-10T18:03:13 BDT" name="LoginDDT" data-provider="LoginData" finished-at="2023-09-10T18:03:20 BDT" duration-ms="7417" status="FAIL">
          <params>
            <param index="0">
              <value>
                <![CDATA[mngr514453]]>
              </value>
            </param>
            <param index="1">
              <value>
                <![CDATA[EqUmanY]]>
              </value>
            </param>
          </params>
          <exception class="java.lang.AssertionError">
            <message>
              <![CDATA[expected [true] but found [false]]]>
            </message>
            <full-stacktrace>
              <![CDATA[java.lang.AssertionError: expected [true] but found [false]
at org.testng.Assert.fail(Assert.java:111)
at org.testng.Assert.failNotEquals(Assert.java:1578)
at org.testng.Assert.assertTrue(Assert.java:57)
at org.testng.Assert.assertTrue(Assert.java:67)
at com.inetbanking.testCases.TC_LoginDDT_002.LoginDDT(TC_LoginDDT_002.java:31)
at java.base/jdk.internal.reflect.NativeMethodAccessorImpl.invoke0(Native Method)
at java.base/jdk.internal.reflect.NativeMethodAccessorImpl.invoke(NativeMethodAccessorImpl.java:77)
at java.base/jdk.internal.reflect.DelegatingMethodAccessorImpl.invoke(DelegatingMethodAccessorImpl.java:43)
at java.base/java.lang.reflect.Method.invoke(Method.java:568)
at org.testng.internal.invokers.MethodInvocationHelper.invokeMethod(MethodInvocationHelper.java:139)
at org.testng.internal.invokers.TestInvoker.invokeMethod(TestInvoker.java:664)
at org.testng.internal.invokers.TestInvoker.invokeTestMethod(TestInvoker.java:227)
at org.testng.internal.invokers.MethodRunner.runInSequence(MethodRunner.java:50)
at org.testng.internal.invokers.TestInvoker$MethodInvocationAgent.invoke(TestInvoker.java:957)
at org.testng.internal.invokers.TestInvoker.invokeTestMethods(TestInvoker.java:200)
at org.testng.internal.invokers.TestMethodWorker.invokeTestMethods(TestMethodWorker.java:148)
at org.testng.internal.invokers.TestMethodWorker.run(TestMethodWorker.java:128)
at java.base/java.util.ArrayList.forEach(ArrayList.java:1511)
at org.testng.TestRunner.privateRun(TestRunner.java:848)
at org.testng.TestRunner.run(TestRunner.java:621)
at org.testng.SuiteRunner.runTest(SuiteRunner.java:443)
at org.testng.SuiteRunner.runSequentially(SuiteRunner.java:437)
at org.testng.SuiteRunner.privateRun(SuiteRunner.java:397)
at org.testng.SuiteRunner.run(SuiteRunner.java:336)
at org.testng.SuiteRunnerWorker.runSuite(SuiteRunnerWorker.java:52)
at org.testng.SuiteRunnerWorker.run(SuiteRunnerWorker.java:95)
at org.testng.TestNG.runSuitesSequentially(TestNG.java:1280)
at org.testng.TestNG.runSuitesLocally(TestNG.java:1200)
at org.testng.TestNG.runSuites(TestNG.java:1114)
at org.testng.TestNG.run(TestNG.java:1082)
at org.testng.remote.AbstractRemoteTestNG.run(AbstractRemoteTestNG.java:115)
at org.testng.remote.RemoteTestNG.initAndRun(RemoteTestNG.java:251)
at org.testng.remote.RemoteTestNG.main(RemoteTestNG.java:77)
]]>
            </full-stacktrace>
          </exception> <!-- java.lang.AssertionError -->
          <reporter-output>
          </reporter-output>
        </test-method> <!-- LoginDDT -->
        <test-method signature="LoginDDT(java.lang.String,java.lang.String)[pri:0, instance:com.inetbanking.testCases.TC_LoginDDT_002@710f4dc7]" started-at="2023-09-10T18:03:20 BDT" name="LoginDDT" data-provider="LoginData" finished-at="2023-09-10T18:03:26 BDT" duration-ms="5584" status="FAIL">
          <params>
            <param index="0">
              <value>
                <![CDATA[mngr514525]]>
              </value>
            </param>
            <param index="1">
              <value>
                <![CDATA[zUgUpAm]]>
              </value>
            </param>
          </params>
          <exception class="java.lang.AssertionError">
            <message>
              <![CDATA[expected [true] but found [false]]]>
            </message>
            <full-stacktrace>
              <![CDATA[java.lang.AssertionError: expected [true] but found [false]
at org.testng.Assert.fail(Assert.java:111)
at org.testng.Assert.failNotEquals(Assert.java:1578)
at org.testng.Assert.assertTrue(Assert.java:57)
at org.testng.Assert.assertTrue(Assert.java:67)
at com.inetbanking.testCases.TC_LoginDDT_002.LoginDDT(TC_LoginDDT_002.java:31)
at java.base/jdk.internal.reflect.NativeMethodAccessorImpl.invoke0(Native Method)
at java.base/jdk.internal.reflect.NativeMethodAccessorImpl.invoke(NativeMethodAccessorImpl.java:77)
at java.base/jdk.internal.reflect.DelegatingMethodAccessorImpl.invoke(DelegatingMethodAccessorImpl.java:43)
at java.base/java.lang.reflect.Method.invoke(Method.java:568)
at org.testng.internal.invokers.MethodInvocationHelper.invokeMethod(MethodInvocationHelper.java:139)
at org.testng.internal.invokers.TestInvoker.invokeMethod(TestInvoker.java:664)
at org.testng.internal.invokers.TestInvoker.invokeTestMethod(TestInvoker.java:227)
at org.testng.internal.invokers.MethodRunner.runInSequence(MethodRunner.java:50)
at org.testng.internal.invokers.TestInvoker$MethodInvocationAgent.invoke(TestInvoker.java:957)
at org.testng.internal.invokers.TestInvoker.invokeTestMethods(TestInvoker.java:200)
at org.testng.internal.invokers.TestMethodWorker.invokeTestMethods(TestMethodWorker.java:148)
at org.testng.internal.invokers.TestMethodWorker.run(TestMethodWorker.java:128)
at java.base/java.util.ArrayList.forEach(ArrayList.java:1511)
at org.testng.TestRunner.privateRun(TestRunner.java:848)
at org.testng.TestRunner.run(TestRunner.java:621)
at org.testng.SuiteRunner.runTest(SuiteRunner.java:443)
at org.testng.SuiteRunner.runSequentially(SuiteRunner.java:437)
at org.testng.SuiteRunner.privateRun(SuiteRunner.java:397)
at org.testng.SuiteRunner.run(SuiteRunner.java:336)
at org.testng.SuiteRunnerWorker.runSuite(SuiteRunnerWorker.java:52)
at org.testng.SuiteRunnerWorker.run(SuiteRunnerWorker.java:95)
at org.testng.TestNG.runSuitesSequentially(TestNG.java:1280)
at org.testng.TestNG.runSuitesLocally(TestNG.java:1200)
at org.testng.TestNG.runSuites(TestNG.java:1114)
at org.testng.TestNG.run(TestNG.java:1082)
at org.testng.remote.AbstractRemoteTestNG.run(AbstractRemoteTestNG.java:115)
at org.testng.remote.RemoteTestNG.initAndRun(RemoteTestNG.java:251)
at org.testng.remote.RemoteTestNG.main(RemoteTestNG.java:77)
]]>
            </full-stacktrace>
          </exception> <!-- java.lang.AssertionError -->
          <reporter-output>
          </reporter-output>
        </test-method> <!-- LoginDDT -->
        <test-method signature="LoginDDT(java.lang.String,java.lang.String)[pri:0, instance:com.inetbanking.testCases.TC_LoginDDT_002@710f4dc7]" started-at="2023-09-10T18:03:26 BDT" name="LoginDDT" data-provider="LoginData" finished-at="2023-09-10T18:03:33 BDT" duration-ms="7563" status="FAIL">
          <params>
            <param index="0">
              <value>
                <![CDATA[mngr526052]]>
              </value>
            </param>
            <param index="1">
              <value>
                <![CDATA[jehYnyq]]>
              </value>
            </param>
          </params>
          <exception class="java.lang.AssertionError">
            <message>
              <![CDATA[expected [true] but found [false]]]>
            </message>
            <full-stacktrace>
              <![CDATA[java.lang.AssertionError: expected [true] but found [false]
at org.testng.Assert.fail(Assert.java:111)
at org.testng.Assert.failNotEquals(Assert.java:1578)
at org.testng.Assert.assertTrue(Assert.java:57)
at org.testng.Assert.assertTrue(Assert.java:67)
at com.inetbanking.testCases.TC_LoginDDT_002.LoginDDT(TC_LoginDDT_002.java:31)
at java.base/jdk.internal.reflect.NativeMethodAccessorImpl.invoke0(Native Method)
at java.base/jdk.internal.reflect.NativeMethodAccessorImpl.invoke(NativeMethodAccessorImpl.java:77)
at java.base/jdk.internal.reflect.DelegatingMethodAccessorImpl.invoke(DelegatingMethodAccessorImpl.java:43)
at java.base/java.lang.reflect.Method.invoke(Method.java:568)
at org.testng.internal.invokers.MethodInvocationHelper.invokeMethod(MethodInvocationHelper.java:139)
at org.testng.internal.invokers.TestInvoker.invokeMethod(TestInvoker.java:664)
at org.testng.internal.invokers.TestInvoker.invokeTestMethod(TestInvoker.java:227)
at org.testng.internal.invokers.MethodRunner.runInSequence(MethodRunner.java:50)
at org.testng.internal.invokers.TestInvoker$MethodInvocationAgent.invoke(TestInvoker.java:957)
at org.testng.internal.invokers.TestInvoker.invokeTestMethods(TestInvoker.java:200)
at org.testng.internal.invokers.TestMethodWorker.invokeTestMethods(TestMethodWorker.java:148)
at org.testng.internal.invokers.TestMethodWorker.run(TestMethodWorker.java:128)
at java.base/java.util.ArrayList.forEach(ArrayList.java:1511)
at org.testng.TestRunner.privateRun(TestRunner.java:848)
at org.testng.TestRunner.run(TestRunner.java:621)
at org.testng.SuiteRunner.runTest(SuiteRunner.java:443)
at org.testng.SuiteRunner.runSequentially(SuiteRunner.java:437)
at org.testng.SuiteRunner.privateRun(SuiteRunner.java:397)
at org.testng.SuiteRunner.run(SuiteRunner.java:336)
at org.testng.SuiteRunnerWorker.runSuite(SuiteRunnerWorker.java:52)
at org.testng.SuiteRunnerWorker.run(SuiteRunnerWorker.java:95)
at org.testng.TestNG.runSuitesSequentially(TestNG.java:1280)
at org.testng.TestNG.runSuitesLocally(TestNG.java:1200)
at org.testng.TestNG.runSuites(TestNG.java:1114)
at org.testng.TestNG.run(TestNG.java:1082)
at org.testng.remote.AbstractRemoteTestNG.run(AbstractRemoteTestNG.java:115)
at org.testng.remote.RemoteTestNG.initAndRun(RemoteTestNG.java:251)
at org.testng.remote.RemoteTestNG.main(RemoteTestNG.java:77)
]]>
            </full-stacktrace>
          </exception> <!-- java.lang.AssertionError -->
          <reporter-output>
          </reporter-output>
        </test-method> <!-- LoginDDT -->
        <test-method is-config="true" signature="tearDown()[pri:0, instance:com.inetbanking.testCases.TC_LoginDDT_002@710f4dc7]" started-at="2023-09-10T18:03:33 BDT" name="tearDown" finished-at="2023-09-10T18:03:34 BDT" duration-ms="311" status="PASS">
          <reporter-output>
          </reporter-output>
        </test-method> <!-- tearDown -->
      </class> <!-- com.inetbanking.testCases.TC_LoginDDT_002 -->
      <class name="com.inetbanking.testCases.TC_FundTransferTest_011">
        <test-method is-config="true" signature="setUp(java.lang.String)[pri:0, instance:com.inetbanking.testCases.TC_FundTransferTest_011@b2c9a9c]" started-at="2023-09-10T18:09:19 BDT" name="setUp" finished-at="2023-09-10T18:09:33 BDT" duration-ms="13490" status="PASS">
          <params>
            <param index="0">
              <value>
                <![CDATA[chrome]]>
              </value>
            </param>
          </params>
          <reporter-output>
          </reporter-output>
        </test-method> <!-- setUp -->
        <test-method signature="fundTransfer()[pri:0, instance:com.inetbanking.testCases.TC_FundTransferTest_011@b2c9a9c]" started-at="2023-09-10T18:09:33 BDT" name="fundTransfer" finished-at="2023-09-10T18:10:07 BDT" duration-ms="34574" status="PASS">
          <reporter-output>
          </reporter-output>
        </test-method> <!-- fundTransfer -->
        <test-method is-config="true" signature="tearDown()[pri:0, instance:com.inetbanking.testCases.TC_FundTransferTest_011@b2c9a9c]" started-at="2023-09-10T18:10:07 BDT" name="tearDown" finished-at="2023-09-10T18:10:08 BDT" duration-ms="291" status="PASS">
          <reporter-output>
          </reporter-output>
        </test-method> <!-- tearDown -->
      </class> <!-- com.inetbanking.testCases.TC_FundTransferTest_011 -->
      <class name="com.inetbanking.testCases.TC_CustomizedStatementTest_014">
        <test-method is-config="true" signature="setUp(java.lang.String)[pri:0, instance:com.inetbanking.testCases.TC_CustomizedStatementTest_014@3bd82cf5]" started-at="2023-09-10T18:11:31 BDT" name="setUp" finished-at="2023-09-10T18:11:48 BDT" duration-ms="16421" status="PASS">
          <params>
            <param index="0">
              <value>
                <![CDATA[chrome]]>
              </value>
            </param>
          </params>
          <reporter-output>
          </reporter-output>
        </test-method> <!-- setUp -->
        <test-method signature="customStatement()[pri:0, instance:com.inetbanking.testCases.TC_CustomizedStatementTest_014@3bd82cf5]" started-at="2023-09-10T18:11:48 BDT" name="customStatement" finished-at="2023-09-10T18:12:31 BDT" duration-ms="42902" status="PASS">
          <reporter-output>
          </reporter-output>
        </test-method> <!-- customStatement -->
        <test-method is-config="true" signature="tearDown()[pri:0, instance:com.inetbanking.testCases.TC_CustomizedStatementTest_014@3bd82cf5]" started-at="2023-09-10T18:12:31 BDT" name="tearDown" finished-at="2023-09-10T18:12:31 BDT" duration-ms="293" status="PASS">
          <reporter-output>
          </reporter-output>
        </test-method> <!-- tearDown -->
      </class> <!-- com.inetbanking.testCases.TC_CustomizedStatementTest_014 -->
      <class name="com.inetbanking.testCases.TC_EditAccountTest_007">
        <test-method is-config="true" signature="setUp(java.lang.String)[pri:0, instance:com.inetbanking.testCases.TC_EditAccountTest_007@510f3d34]" started-at="2023-09-10T18:06:25 BDT" name="setUp" finished-at="2023-09-10T18:06:37 BDT" duration-ms="12677" status="PASS">
          <params>
            <param index="0">
              <value>
                <![CDATA[chrome]]>
              </value>
            </param>
          </params>
          <reporter-output>
          </reporter-output>
        </test-method> <!-- setUp -->
        <test-method signature="editAcount()[pri:0, instance:com.inetbanking.testCases.TC_EditAccountTest_007@510f3d34]" started-at="2023-09-10T18:06:37 BDT" name="editAcount" finished-at="2023-09-10T18:07:14 BDT" duration-ms="37001" status="PASS">
          <reporter-output>
          </reporter-output>
        </test-method> <!-- editAcount -->
        <test-method is-config="true" signature="tearDown()[pri:0, instance:com.inetbanking.testCases.TC_EditAccountTest_007@510f3d34]" started-at="2023-09-10T18:07:14 BDT" name="tearDown" finished-at="2023-09-10T18:07:15 BDT" duration-ms="306" status="PASS">
          <reporter-output>
          </reporter-output>
        </test-method> <!-- tearDown -->
      </class> <!-- com.inetbanking.testCases.TC_EditAccountTest_007 -->
      <class name="com.inetbanking.testCases.TC_AddCustomerTest_003">
        <test-method is-config="true" signature="setUp(java.lang.String)[pri:0, instance:com.inetbanking.testCases.TC_AddCustomerTest_003@1ff4931d]" started-at="2023-09-10T18:03:34 BDT" name="setUp" finished-at="2023-09-10T18:03:53 BDT" duration-ms="19006" status="PASS">
          <params>
            <param index="0">
              <value>
                <![CDATA[chrome]]>
              </value>
            </param>
          </params>
          <reporter-output>
          </reporter-output>
        </test-method> <!-- setUp -->
        <test-method signature="addNewCustomer()[pri:0, instance:com.inetbanking.testCases.TC_AddCustomerTest_003@1ff4931d]" started-at="2023-09-10T18:03:53 BDT" name="addNewCustomer" finished-at="2023-09-10T18:04:26 BDT" duration-ms="33673" status="PASS">
          <reporter-output>
          </reporter-output>
        </test-method> <!-- addNewCustomer -->
        <test-method is-config="true" signature="tearDown()[pri:0, instance:com.inetbanking.testCases.TC_AddCustomerTest_003@1ff4931d]" started-at="2023-09-10T18:04:26 BDT" name="tearDown" finished-at="2023-09-10T18:04:27 BDT" duration-ms="319" status="PASS">
          <reporter-output>
          </reporter-output>
        </test-method> <!-- tearDown -->
      </class> <!-- com.inetbanking.testCases.TC_AddCustomerTest_003 -->
      <class name="com.inetbanking.testCases.TC_TestLogin_001">
        <test-method is-config="true" signature="setUp(java.lang.String)[pri:0, instance:com.inetbanking.testCases.TC_TestLogin_001@2aceadd4]" started-at="2023-09-10T18:02:14 BDT" name="setUp" finished-at="2023-09-10T18:02:31 BDT" duration-ms="17498" status="PASS">
          <params>
            <param index="0">
              <value>
                <![CDATA[chrome]]>
              </value>
            </param>
          </params>
          <reporter-output>
          </reporter-output>
        </test-method> <!-- setUp -->
        <test-method signature="TestLogin()[pri:0, instance:com.inetbanking.testCases.TC_TestLogin_001@2aceadd4]" started-at="2023-09-10T18:02:31 BDT" name="TestLogin" finished-at="2023-09-10T18:02:36 BDT" duration-ms="4587" status="PASS">
          <reporter-output>
          </reporter-output>
        </test-method> <!-- TestLogin -->
        <test-method is-config="true" signature="tearDown()[pri:0, instance:com.inetbanking.testCases.TC_TestLogin_001@2aceadd4]" started-at="2023-09-10T18:02:36 BDT" name="tearDown" finished-at="2023-09-10T18:02:36 BDT" duration-ms="311" status="PASS">
          <reporter-output>
          </reporter-output>
        </test-method> <!-- tearDown -->
      </class> <!-- com.inetbanking.testCases.TC_TestLogin_001 -->
      <class name="com.inetbanking.testCases.TC_NewAccountTest_006">
        <test-method is-config="true" signature="setUp(java.lang.String)[pri:0, instance:com.inetbanking.testCases.TC_NewAccountTest_006@6ad82709]" started-at="2023-09-10T18:05:46 BDT" name="setUp" finished-at="2023-09-10T18:05:59 BDT" duration-ms="12726" status="PASS">
          <params>
            <param index="0">
              <value>
                <![CDATA[chrome]]>
              </value>
            </param>
          </params>
          <reporter-output>
          </reporter-output>
        </test-method> <!-- setUp -->
        <test-method signature="newAccount()[pri:0, instance:com.inetbanking.testCases.TC_NewAccountTest_006@6ad82709]" started-at="2023-09-10T18:05:59 BDT" name="newAccount" finished-at="2023-09-10T18:06:24 BDT" duration-ms="25130" status="PASS">
          <reporter-output>
          </reporter-output>
        </test-method> <!-- newAccount -->
        <test-method is-config="true" signature="tearDown()[pri:0, instance:com.inetbanking.testCases.TC_NewAccountTest_006@6ad82709]" started-at="2023-09-10T18:06:24 BDT" name="tearDown" finished-at="2023-09-10T18:06:25 BDT" duration-ms="307" status="PASS">
          <reporter-output>
          </reporter-output>
        </test-method> <!-- tearDown -->
      </class> <!-- com.inetbanking.testCases.TC_NewAccountTest_006 -->
      <class name="com.inetbanking.testCases.TC_DepositTest_009">
        <test-method is-config="true" signature="setUp(java.lang.String)[pri:0, instance:com.inetbanking.testCases.TC_DepositTest_009@8297b3a]" started-at="2023-09-10T18:07:50 BDT" name="setUp" finished-at="2023-09-10T18:08:03 BDT" duration-ms="13230" status="PASS">
          <params>
            <param index="0">
              <value>
                <![CDATA[chrome]]>
              </value>
            </param>
          </params>
          <reporter-output>
          </reporter-output>
        </test-method> <!-- setUp -->
        <test-method signature="deposit()[pri:0, instance:com.inetbanking.testCases.TC_DepositTest_009@8297b3a]" started-at="2023-09-10T18:08:03 BDT" name="deposit" finished-at="2023-09-10T18:08:38 BDT" duration-ms="35092" status="PASS">
          <reporter-output>
          </reporter-output>
        </test-method> <!-- deposit -->
        <test-method is-config="true" signature="tearDown()[pri:0, instance:com.inetbanking.testCases.TC_DepositTest_009@8297b3a]" started-at="2023-09-10T18:08:38 BDT" name="tearDown" finished-at="2023-09-10T18:08:39 BDT" duration-ms="305" status="PASS">
          <reporter-output>
          </reporter-output>
        </test-method> <!-- tearDown -->
      </class> <!-- com.inetbanking.testCases.TC_DepositTest_009 -->
      <class name="com.inetbanking.testCases.TC_LogoutTest_015">
        <test-method is-config="true" signature="setUp(java.lang.String)[pri:0, instance:com.inetbanking.testCases.TC_LogoutTest_015@544fa968]" started-at="2023-09-10T18:12:31 BDT" name="setUp" finished-at="2023-09-10T18:12:44 BDT" duration-ms="13049" status="PASS">
          <params>
            <param index="0">
              <value>
                <![CDATA[chrome]]>
              </value>
            </param>
          </params>
          <reporter-output>
          </reporter-output>
        </test-method> <!-- setUp -->
        <test-method signature="logout()[pri:0, instance:com.inetbanking.testCases.TC_LogoutTest_015@544fa968]" started-at="2023-09-10T18:12:44 BDT" name="logout" finished-at="2023-09-10T18:13:14 BDT" duration-ms="30316" status="PASS">
          <reporter-output>
          </reporter-output>
        </test-method> <!-- logout -->
        <test-method is-config="true" signature="tearDown()[pri:0, instance:com.inetbanking.testCases.TC_LogoutTest_015@544fa968]" started-at="2023-09-10T18:13:14 BDT" name="tearDown" finished-at="2023-09-10T18:13:14 BDT" duration-ms="312" status="PASS">
          <reporter-output>
          </reporter-output>
        </test-method> <!-- tearDown -->
      </class> <!-- com.inetbanking.testCases.TC_LogoutTest_015 -->
      <class name="com.inetbanking.testCases.TC_BalanceEnquiryTest_012">
        <test-method is-config="true" signature="setUp(java.lang.String)[pri:0, instance:com.inetbanking.testCases.TC_BalanceEnquiryTest_012@4c178a76]" started-at="2023-09-10T18:10:08 BDT" name="setUp" finished-at="2023-09-10T18:10:21 BDT" duration-ms="13668" status="PASS">
          <params>
            <param index="0">
              <value>
                <![CDATA[chrome]]>
              </value>
            </param>
          </params>
          <reporter-output>
          </reporter-output>
        </test-method> <!-- setUp -->
        <test-method signature="balanceEnquiry()[pri:0, instance:com.inetbanking.testCases.TC_BalanceEnquiryTest_012@4c178a76]" started-at="2023-09-10T18:10:21 BDT" name="balanceEnquiry" finished-at="2023-09-10T18:10:49 BDT" duration-ms="27362" status="PASS">
          <reporter-output>
          </reporter-output>
        </test-method> <!-- balanceEnquiry -->
        <test-method is-config="true" signature="tearDown()[pri:0, instance:com.inetbanking.testCases.TC_BalanceEnquiryTest_012@4c178a76]" started-at="2023-09-10T18:10:49 BDT" name="tearDown" finished-at="2023-09-10T18:10:49 BDT" duration-ms="249" status="PASS">
          <reporter-output>
          </reporter-output>
        </test-method> <!-- tearDown -->
      </class> <!-- com.inetbanking.testCases.TC_BalanceEnquiryTest_012 -->
      <class name="com.inetbanking.testCases.TC_ChangePasswordTest_016">
        <test-method is-config="true" signature="setUp(java.lang.String)[pri:0, instance:com.inetbanking.testCases.TC_ChangePasswordTest_016@247bddad]" started-at="2023-09-10T18:13:14 BDT" name="setUp" finished-at="2023-09-10T18:13:28 BDT" duration-ms="13100" status="PASS">
          <params>
            <param index="0">
              <value>
                <![CDATA[chrome]]>
              </value>
            </param>
          </params>
          <reporter-output>
          </reporter-output>
        </test-method> <!-- setUp -->
        <test-method signature="chnagePassword()[pri:0, instance:com.inetbanking.testCases.TC_ChangePasswordTest_016@247bddad]" started-at="2023-09-10T18:13:28 BDT" name="chnagePassword" finished-at="2023-09-10T18:13:57 BDT" duration-ms="29424" status="PASS">
          <reporter-output>
          </reporter-output>
        </test-method> <!-- chnagePassword -->
        <test-method is-config="true" signature="tearDown()[pri:0, instance:com.inetbanking.testCases.TC_ChangePasswordTest_016@247bddad]" started-at="2023-09-10T18:13:57 BDT" name="tearDown" finished-at="2023-09-10T18:13:57 BDT" duration-ms="291" status="PASS">
          <reporter-output>
          </reporter-output>
        </test-method> <!-- tearDown -->
      </class> <!-- com.inetbanking.testCases.TC_ChangePasswordTest_016 -->
      <class name="com.inetbanking.testCases.TC_DeleteCustomerTest_005">
        <test-method is-config="true" signature="setUp(java.lang.String)[pri:0, instance:com.inetbanking.testCases.TC_DeleteCustomerTest_005@61322f9d]" started-at="2023-09-10T18:05:06 BDT" name="setUp" finished-at="2023-09-10T18:05:21 BDT" duration-ms="14523" status="PASS">
          <params>
            <param index="0">
              <value>
                <![CDATA[chrome]]>
              </value>
            </param>
          </params>
          <reporter-output>
          </reporter-output>
        </test-method> <!-- setUp -->
        <test-method signature="deleteCustomer()[pri:0, instance:com.inetbanking.testCases.TC_DeleteCustomerTest_005@61322f9d]" started-at="2023-09-10T18:05:21 BDT" name="deleteCustomer" finished-at="2023-09-10T18:05:46 BDT" duration-ms="25326" status="PASS">
          <reporter-output>
          </reporter-output>
        </test-method> <!-- deleteCustomer -->
        <test-method is-config="true" signature="tearDown()[pri:0, instance:com.inetbanking.testCases.TC_DeleteCustomerTest_005@61322f9d]" started-at="2023-09-10T18:05:46 BDT" name="tearDown" finished-at="2023-09-10T18:05:46 BDT" duration-ms="323" status="PASS">
          <reporter-output>
          </reporter-output>
        </test-method> <!-- tearDown -->
      </class> <!-- com.inetbanking.testCases.TC_DeleteCustomerTest_005 -->
      <class name="com.inetbanking.testCases.Tc_EditCustomerTest_004">
        <test-method is-config="true" signature="setUp(java.lang.String)[pri:0, instance:com.inetbanking.testCases.Tc_EditCustomerTest_004@65e98b1c]" started-at="2023-09-10T18:04:27 BDT" name="setUp" finished-at="2023-09-10T18:04:42 BDT" duration-ms="15667" status="PASS">
          <params>
            <param index="0">
              <value>
                <![CDATA[chrome]]>
              </value>
            </param>
          </params>
          <reporter-output>
          </reporter-output>
        </test-method> <!-- setUp -->
        <test-method signature="editCustomer()[pri:0, instance:com.inetbanking.testCases.Tc_EditCustomerTest_004@65e98b1c]" started-at="2023-09-10T18:04:42 BDT" name="editCustomer" finished-at="2023-09-10T18:05:06 BDT" duration-ms="23684" status="PASS">
          <reporter-output>
          </reporter-output>
        </test-method> <!-- editCustomer -->
        <test-method is-config="true" signature="tearDown()[pri:0, instance:com.inetbanking.testCases.Tc_EditCustomerTest_004@65e98b1c]" started-at="2023-09-10T18:05:06 BDT" name="tearDown" finished-at="2023-09-10T18:05:06 BDT" duration-ms="273" status="PASS">
          <reporter-output>
          </reporter-output>
        </test-method> <!-- tearDown -->
      </class> <!-- com.inetbanking.testCases.Tc_EditCustomerTest_004 -->
      <class name="com.inetbanking.testCases.TC_MiniStatementTest_013">
        <test-method is-config="true" signature="setUp(java.lang.String)[pri:0, instance:com.inetbanking.testCases.TC_MiniStatementTest_013@fa4c865]" started-at="2023-09-10T18:10:49 BDT" name="setUp" finished-at="2023-09-10T18:11:03 BDT" duration-ms="13912" status="PASS">
          <params>
            <param index="0">
              <value>
                <![CDATA[chrome]]>
              </value>
            </param>
          </params>
          <reporter-output>
          </reporter-output>
        </test-method> <!-- setUp -->
        <test-method signature="miniStateMent()[pri:0, instance:com.inetbanking.testCases.TC_MiniStatementTest_013@fa4c865]" started-at="2023-09-10T18:11:03 BDT" name="miniStateMent" finished-at="2023-09-10T18:11:31 BDT" duration-ms="28038" status="PASS">
          <reporter-output>
          </reporter-output>
        </test-method> <!-- miniStateMent -->
        <test-method is-config="true" signature="tearDown()[pri:0, instance:com.inetbanking.testCases.TC_MiniStatementTest_013@fa4c865]" started-at="2023-09-10T18:11:31 BDT" name="tearDown" finished-at="2023-09-10T18:11:31 BDT" duration-ms="307" status="PASS">
          <reporter-output>
          </reporter-output>
        </test-method> <!-- tearDown -->
      </class> <!-- com.inetbanking.testCases.TC_MiniStatementTest_013 -->
      <class name="com.inetbanking.testCases.TC_WithdrawTest_010">
        <test-method is-config="true" signature="setUp(java.lang.String)[pri:0, instance:com.inetbanking.testCases.TC_WithdrawTest_010@2362f559]" started-at="2023-09-10T18:08:39 BDT" name="setUp" finished-at="2023-09-10T18:08:52 BDT" duration-ms="13246" status="PASS">
          <params>
            <param index="0">
              <value>
                <![CDATA[chrome]]>
              </value>
            </param>
          </params>
          <reporter-output>
          </reporter-output>
        </test-method> <!-- setUp -->
        <test-method signature="withdraw()[pri:0, instance:com.inetbanking.testCases.TC_WithdrawTest_010@2362f559]" started-at="2023-09-10T18:08:52 BDT" name="withdraw" finished-at="2023-09-10T18:09:19 BDT" duration-ms="26988" status="PASS">
          <reporter-output>
          </reporter-output>
        </test-method> <!-- withdraw -->
        <test-method is-config="true" signature="tearDown()[pri:0, instance:com.inetbanking.testCases.TC_WithdrawTest_010@2362f559]" started-at="2023-09-10T18:09:19 BDT" name="tearDown" finished-at="2023-09-10T18:09:19 BDT" duration-ms="307" status="PASS">
          <reporter-output>
          </reporter-output>
        </test-method> <!-- tearDown -->
      </class> <!-- com.inetbanking.testCases.TC_WithdrawTest_010 -->
    </test> <!-- BangkinApp Test -->
  </suite> <!-- InetBankingV1 -->
</testng-results>
